{"contracts/BasicToken.sol":{"l":{"21":2,"30":8,"31":6,"33":4,"34":4,"35":4,"36":4,"45":11},"path":"/home/nico/Desktop/public_repos/one_click_token/contracts/BasicToken.sol","s":{"1":2,"2":8,"3":6,"4":4,"5":4,"6":4,"7":4,"8":11},"b":{"1":[6,2],"2":[4,2]},"f":{"1":2,"2":8,"3":11},"fnMap":{"1":{"name":"totalSupply","line":20,"loc":{"start":{"line":20,"column":4},"end":{"line":20,"column":54}}},"2":{"name":"transfer","line":29,"loc":{"start":{"line":29,"column":4},"end":{"line":29,"column":70}}},"3":{"name":"balanceOf","line":44,"loc":{"start":{"line":44,"column":4},"end":{"line":44,"column":66}}}},"statementMap":{"1":{"start":{"line":21,"column":8},"end":{"line":21,"column":27}},"2":{"start":{"line":30,"column":8},"end":{"line":30,"column":33}},"3":{"start":{"line":31,"column":8},"end":{"line":31,"column":46}},"4":{"start":{"line":33,"column":8},"end":{"line":33,"column":62}},"5":{"start":{"line":34,"column":8},"end":{"line":34,"column":48}},"6":{"start":{"line":35,"column":8},"end":{"line":35,"column":46}},"7":{"start":{"line":36,"column":8},"end":{"line":36,"column":19}},"8":{"start":{"line":45,"column":8},"end":{"line":45,"column":31}}},"branchMap":{"1":{"line":30,"type":"if","locations":[{"start":{"line":30,"column":8},"end":{"line":30,"column":8}},{"start":{"line":30,"column":8},"end":{"line":30,"column":8}}]},"2":{"line":31,"type":"if","locations":[{"start":{"line":31,"column":8},"end":{"line":31,"column":8}},{"start":{"line":31,"column":8},"end":{"line":31,"column":8}}]}}},"contracts/ERC20.sol":{"l":{},"path":"/home/nico/Desktop/public_repos/one_click_token/contracts/ERC20.sol","s":{},"b":{},"f":{},"fnMap":{},"statementMap":{},"branchMap":{}},"contracts/ERC20Basic.sol":{"l":{},"path":"/home/nico/Desktop/public_repos/one_click_token/contracts/ERC20Basic.sol","s":{},"b":{},"f":{},"fnMap":{},"statementMap":{},"branchMap":{}},"contracts/Factory.sol":{"l":{"27":1,"38":1,"39":1,"40":1},"path":"/home/nico/Desktop/public_repos/one_click_token/contracts/Factory.sol","s":{"1":1,"2":1,"3":1},"b":{},"f":{"1":1,"2":1},"fnMap":{"1":{"name":"getInstantiationCount","line":22,"loc":{"start":{"line":22,"column":4},"end":{"line":26,"column":5}}},"2":{"name":"register","line":35,"loc":{"start":{"line":35,"column":4},"end":{"line":37,"column":5}}}},"statementMap":{"1":{"start":{"line":27,"column":8},"end":{"line":27,"column":45}},"2":{"start":{"line":38,"column":8},"end":{"line":38,"column":44}},"3":{"start":{"line":40,"column":8},"end":{"line":40,"column":61}}},"branchMap":{}},"contracts/mocks/BasicTokenMock.sol":{"l":{"9":7,"10":7},"path":"/home/nico/Desktop/public_repos/one_click_token/contracts/mocks/BasicTokenMock.sol","s":{"1":7,"2":7},"b":{},"f":{"1":7},"fnMap":{"1":{"name":null,"line":8,"loc":{"start":{"line":8,"column":4},"end":{"line":8,"column":68}}}},"statementMap":{"1":{"start":{"line":9,"column":8},"end":{"line":9,"column":48}},"2":{"start":{"line":10,"column":8},"end":{"line":10,"column":36}}},"branchMap":{}},"contracts/mocks/SafeMathMock.sol":{"l":{"8":3,"12":2,"16":2,"20":2},"path":"/home/nico/Desktop/public_repos/one_click_token/contracts/mocks/SafeMathMock.sol","s":{"1":3,"2":2,"3":2,"4":2},"b":{},"f":{"1":3,"2":2,"3":2,"4":2},"fnMap":{"1":{"name":"mul","line":7,"loc":{"start":{"line":7,"column":4},"end":{"line":7,"column":66}}},"2":{"name":"div","line":11,"loc":{"start":{"line":11,"column":4},"end":{"line":11,"column":66}}},"3":{"name":"sub","line":15,"loc":{"start":{"line":15,"column":4},"end":{"line":15,"column":66}}},"4":{"name":"add","line":19,"loc":{"start":{"line":19,"column":4},"end":{"line":19,"column":66}}}},"statementMap":{"1":{"start":{"line":8,"column":8},"end":{"line":8,"column":33}},"2":{"start":{"line":12,"column":8},"end":{"line":12,"column":33}},"3":{"start":{"line":16,"column":8},"end":{"line":16,"column":33}},"4":{"start":{"line":20,"column":8},"end":{"line":20,"column":33}}},"branchMap":{}},"contracts/mocks/StandardTokenMock.sol":{"l":{"9":38,"10":38},"path":"/home/nico/Desktop/public_repos/one_click_token/contracts/mocks/StandardTokenMock.sol","s":{"1":38,"2":38},"b":{},"f":{"1":38},"fnMap":{"1":{"name":null,"line":8,"loc":{"start":{"line":8,"column":4},"end":{"line":8,"column":68}}}},"statementMap":{"1":{"start":{"line":9,"column":8},"end":{"line":9,"column":48}},"2":{"start":{"line":10,"column":8},"end":{"line":10,"column":36}}},"branchMap":{}},"contracts/MyToken.sol":{"l":{"25":1,"26":1,"27":1,"28":1,"29":1},"path":"/home/nico/Desktop/public_repos/one_click_token/contracts/MyToken.sol","s":{"1":1,"2":1,"3":1,"4":1,"5":1},"b":{},"f":{"1":1},"fnMap":{"1":{"name":null,"line":22,"loc":{"start":{"line":22,"column":4},"end":{"line":24,"column":5}}}},"statementMap":{"1":{"start":{"line":25,"column":8},"end":{"line":25,"column":19}},"2":{"start":{"line":26,"column":8},"end":{"line":26,"column":23}},"3":{"start":{"line":27,"column":8},"end":{"line":27,"column":36}},"4":{"start":{"line":28,"column":8},"end":{"line":28,"column":40}},"5":{"start":{"line":29,"column":8},"end":{"line":29,"column":50}}},"branchMap":{}},"contracts/MyTokenFactory.sol":{"l":{"22":1,"23":1},"path":"/home/nico/Desktop/public_repos/one_click_token/contracts/MyTokenFactory.sol","s":{"1":1,"2":1},"b":{},"f":{"1":1},"fnMap":{"1":{"name":"create","line":18,"loc":{"start":{"line":18,"column":4},"end":{"line":21,"column":5}}}},"statementMap":{"1":{"start":{"line":22,"column":8},"end":{"line":22,"column":61}},"2":{"start":{"line":23,"column":8},"end":{"line":23,"column":29}}},"branchMap":{}},"contracts/SafeMath.sol":{"l":{"14":3,"15":1,"17":2,"18":2,"19":1,"29":2,"36":14,"37":13,"44":17,"45":17,"46":16},"path":"/home/nico/Desktop/public_repos/one_click_token/contracts/SafeMath.sol","s":{"1":3,"2":1,"3":2,"4":2,"5":1,"6":2,"7":14,"8":13,"9":17,"10":17,"11":16},"b":{"1":[1,2],"2":[1,1],"3":[13,1],"4":[16,1]},"f":{"1":3,"2":2,"3":14,"4":17},"fnMap":{"1":{"name":"mul","line":13,"loc":{"start":{"line":13,"column":4},"end":{"line":13,"column":70}}},"2":{"name":"div","line":25,"loc":{"start":{"line":25,"column":4},"end":{"line":25,"column":68}}},"3":{"name":"sub","line":35,"loc":{"start":{"line":35,"column":4},"end":{"line":35,"column":68}}},"4":{"name":"add","line":43,"loc":{"start":{"line":43,"column":4},"end":{"line":43,"column":70}}}},"statementMap":{"1":{"start":{"line":14,"column":8},"end":{"line":14,"column":299}},"2":{"start":{"line":15,"column":12},"end":{"line":15,"column":20}},"3":{"start":{"line":17,"column":8},"end":{"line":17,"column":16}},"4":{"start":{"line":18,"column":8},"end":{"line":18,"column":25}},"5":{"start":{"line":19,"column":8},"end":{"line":19,"column":16}},"6":{"start":{"line":29,"column":8},"end":{"line":29,"column":20}},"7":{"start":{"line":36,"column":8},"end":{"line":36,"column":21}},"8":{"start":{"line":37,"column":8},"end":{"line":37,"column":20}},"9":{"start":{"line":44,"column":8},"end":{"line":44,"column":16}},"10":{"start":{"line":45,"column":8},"end":{"line":45,"column":21}},"11":{"start":{"line":46,"column":8},"end":{"line":46,"column":16}}},"branchMap":{"1":{"line":14,"type":"if","locations":[{"start":{"line":14,"column":8},"end":{"line":14,"column":8}},{"start":{"line":14,"column":8},"end":{"line":14,"column":8}}]},"2":{"line":18,"type":"if","locations":[{"start":{"line":18,"column":8},"end":{"line":18,"column":8}},{"start":{"line":18,"column":8},"end":{"line":18,"column":8}}]},"3":{"line":36,"type":"if","locations":[{"start":{"line":36,"column":8},"end":{"line":36,"column":8}},{"start":{"line":36,"column":8},"end":{"line":36,"column":8}}]},"4":{"line":45,"type":"if","locations":[{"start":{"line":45,"column":8},"end":{"line":45,"column":8}},{"start":{"line":45,"column":8},"end":{"line":45,"column":8}}]}}},"contracts/StandardToken.sol":{"l":{"26":7,"27":6,"28":4,"30":3,"31":3,"32":3,"33":3,"34":3,"48":21,"49":21,"50":21,"60":16,"74":8,"75":8,"76":8,"90":8,"91":8,"92":6,"94":2,"96":8,"97":8},"path":"/home/nico/Desktop/public_repos/one_click_token/contracts/StandardToken.sol","s":{"1":7,"2":6,"3":4,"4":3,"5":3,"6":3,"7":3,"8":3,"9":21,"10":21,"11":21,"12":16,"13":8,"14":8,"15":8,"16":8,"17":8,"18":6,"19":2,"20":8,"21":8},"b":{"1":[6,1],"2":[4,2],"3":[3,1],"4":[6,2]},"f":{"1":7,"2":21,"3":16,"4":8,"5":8},"fnMap":{"1":{"name":"transferFrom","line":25,"loc":{"start":{"line":25,"column":4},"end":{"line":25,"column":89}}},"2":{"name":"approve","line":47,"loc":{"start":{"line":47,"column":4},"end":{"line":47,"column":74}}},"3":{"name":"allowance","line":59,"loc":{"start":{"line":59,"column":4},"end":{"line":59,"column":84}}},"4":{"name":"increaseApproval","line":73,"loc":{"start":{"line":73,"column":4},"end":{"line":73,"column":85}}},"5":{"name":"decreaseApproval","line":89,"loc":{"start":{"line":89,"column":4},"end":{"line":89,"column":90}}}},"statementMap":{"1":{"start":{"line":26,"column":8},"end":{"line":26,"column":33}},"2":{"start":{"line":27,"column":8},"end":{"line":27,"column":41}},"3":{"start":{"line":28,"column":8},"end":{"line":28,"column":52}},"4":{"start":{"line":30,"column":8},"end":{"line":30,"column":52}},"5":{"start":{"line":31,"column":8},"end":{"line":31,"column":48}},"6":{"start":{"line":32,"column":8},"end":{"line":32,"column":74}},"7":{"start":{"line":33,"column":8},"end":{"line":33,"column":41}},"8":{"start":{"line":34,"column":8},"end":{"line":34,"column":19}},"9":{"start":{"line":48,"column":8},"end":{"line":48,"column":45}},"10":{"start":{"line":49,"column":8},"end":{"line":49,"column":51}},"11":{"start":{"line":50,"column":8},"end":{"line":50,"column":19}},"12":{"start":{"line":60,"column":8},"end":{"line":60,"column":40}},"13":{"start":{"line":74,"column":8},"end":{"line":74,"column":85}},"14":{"start":{"line":75,"column":8},"end":{"line":75,"column":74}},"15":{"start":{"line":76,"column":8},"end":{"line":76,"column":19}},"16":{"start":{"line":90,"column":8},"end":{"line":90,"column":52}},"17":{"start":{"line":91,"column":8},"end":{"line":91,"column":3944}},"18":{"start":{"line":92,"column":12},"end":{"line":92,"column":44}},"19":{"start":{"line":94,"column":12},"end":{"line":94,"column":73}},"20":{"start":{"line":96,"column":8},"end":{"line":96,"column":74}},"21":{"start":{"line":97,"column":8},"end":{"line":97,"column":19}}},"branchMap":{"1":{"line":26,"type":"if","locations":[{"start":{"line":26,"column":8},"end":{"line":26,"column":8}},{"start":{"line":26,"column":8},"end":{"line":26,"column":8}}]},"2":{"line":27,"type":"if","locations":[{"start":{"line":27,"column":8},"end":{"line":27,"column":8}},{"start":{"line":27,"column":8},"end":{"line":27,"column":8}}]},"3":{"line":28,"type":"if","locations":[{"start":{"line":28,"column":8},"end":{"line":28,"column":8}},{"start":{"line":28,"column":8},"end":{"line":28,"column":8}}]},"4":{"line":91,"type":"if","locations":[{"start":{"line":91,"column":8},"end":{"line":91,"column":8}},{"start":{"line":91,"column":8},"end":{"line":91,"column":8}}]}}}}