TN:
SF:/home/nico/Desktop/public_repos/one_click_token/contracts/BasicToken.sol
FN:20,totalSupply
FN:29,transfer
FN:44,balanceOf
FNF:3
FNH:3
FNDA:2,totalSupply
FNDA:8,transfer
FNDA:11,balanceOf
DA:21,2
DA:30,8
DA:31,6
DA:33,4
DA:34,4
DA:35,4
DA:36,4
DA:45,11
LF:8
LH:8
BRDA:30,1,0,6
BRDA:30,1,1,2
BRDA:31,2,0,4
BRDA:31,2,1,2
BRF:4
BRH:4
end_of_record
TN:
SF:/home/nico/Desktop/public_repos/one_click_token/contracts/ERC20.sol
FNF:0
FNH:0
LF:0
LH:0
BRF:0
BRH:0
end_of_record
TN:
SF:/home/nico/Desktop/public_repos/one_click_token/contracts/ERC20Basic.sol
FNF:0
FNH:0
LF:0
LH:0
BRF:0
BRH:0
end_of_record
TN:
SF:/home/nico/Desktop/public_repos/one_click_token/contracts/Factory.sol
FN:22,getInstantiationCount
FN:35,register
FNF:2
FNH:2
FNDA:1,getInstantiationCount
FNDA:1,register
DA:27,1
DA:38,1
DA:39,1
DA:40,1
LF:4
LH:4
BRF:0
BRH:0
end_of_record
TN:
SF:/home/nico/Desktop/public_repos/one_click_token/contracts/mocks/BasicTokenMock.sol
FN:8,
FNF:1
FNH:1
FNDA:7,
DA:9,7
DA:10,7
LF:2
LH:2
BRF:0
BRH:0
end_of_record
TN:
SF:/home/nico/Desktop/public_repos/one_click_token/contracts/mocks/SafeMathMock.sol
FN:7,mul
FN:11,div
FN:15,sub
FN:19,add
FNF:4
FNH:4
FNDA:3,mul
FNDA:2,div
FNDA:2,sub
FNDA:2,add
DA:8,3
DA:12,2
DA:16,2
DA:20,2
LF:4
LH:4
BRF:0
BRH:0
end_of_record
TN:
SF:/home/nico/Desktop/public_repos/one_click_token/contracts/mocks/StandardTokenMock.sol
FN:8,
FNF:1
FNH:1
FNDA:38,
DA:9,38
DA:10,38
LF:2
LH:2
BRF:0
BRH:0
end_of_record
TN:
SF:/home/nico/Desktop/public_repos/one_click_token/contracts/MyToken.sol
FN:22,
FNF:1
FNH:1
FNDA:1,
DA:25,1
DA:26,1
DA:27,1
DA:28,1
DA:29,1
LF:5
LH:5
BRF:0
BRH:0
end_of_record
TN:
SF:/home/nico/Desktop/public_repos/one_click_token/contracts/MyTokenFactory.sol
FN:18,create
FNF:1
FNH:1
FNDA:1,create
DA:22,1
DA:23,1
LF:2
LH:2
BRF:0
BRH:0
end_of_record
TN:
SF:/home/nico/Desktop/public_repos/one_click_token/contracts/SafeMath.sol
FN:13,mul
FN:25,div
FN:35,sub
FN:43,add
FNF:4
FNH:4
FNDA:3,mul
FNDA:2,div
FNDA:14,sub
FNDA:17,add
DA:14,3
DA:15,1
DA:17,2
DA:18,2
DA:19,1
DA:29,2
DA:36,14
DA:37,13
DA:44,17
DA:45,17
DA:46,16
LF:11
LH:11
BRDA:14,1,0,1
BRDA:14,1,1,2
BRDA:18,2,0,1
BRDA:18,2,1,1
BRDA:36,3,0,13
BRDA:36,3,1,1
BRDA:45,4,0,16
BRDA:45,4,1,1
BRF:8
BRH:8
end_of_record
TN:
SF:/home/nico/Desktop/public_repos/one_click_token/contracts/StandardToken.sol
FN:25,transferFrom
FN:47,approve
FN:59,allowance
FN:73,increaseApproval
FN:89,decreaseApproval
FNF:5
FNH:5
FNDA:7,transferFrom
FNDA:21,approve
FNDA:16,allowance
FNDA:8,increaseApproval
FNDA:8,decreaseApproval
DA:26,7
DA:27,6
DA:28,4
DA:30,3
DA:31,3
DA:32,3
DA:33,3
DA:34,3
DA:48,21
DA:49,21
DA:50,21
DA:60,16
DA:74,8
DA:75,8
DA:76,8
DA:90,8
DA:91,8
DA:92,6
DA:94,2
DA:96,8
DA:97,8
LF:21
LH:21
BRDA:26,1,0,6
BRDA:26,1,1,1
BRDA:27,2,0,4
BRDA:27,2,1,2
BRDA:28,3,0,3
BRDA:28,3,1,1
BRDA:91,4,0,6
BRDA:91,4,1,2
BRF:8
BRH:8
end_of_record
